02/08/2024 12:27:21 PM: INFO: ************** Test_001_Login *****************
02/08/2024 12:27:21 PM: INFO: ************** verifying home page title *****************
02/08/2024 12:27:24 PM: INFO: ************** Home page title passed *****************
02/08/2024 12:27:28 PM: INFO: ************** test_login *****************
02/08/2024 12:27:28 PM: INFO: ************** verify Login test  *****************
02/08/2024 12:27:32 PM: INFO: ************** Login test passed *****************
02/08/2024 02:13:49 PM: INFO: ******* Starting Test_002_DDT_Login Test **********
02/08/2024 02:13:49 PM: INFO: ******* Starting Login DDT Test **********
02/09/2024 08:58:49 PM: INFO: ************** Test_001_Login *****************
02/09/2024 08:58:49 PM: INFO: ************** verifying home page title *****************
02/09/2024 08:58:52 PM: INFO: ************** Home page title passed *****************
02/09/2024 08:58:56 PM: INFO: ************** test_login *****************
02/09/2024 08:58:56 PM: INFO: ************** verify Login test  *****************
02/09/2024 08:59:05 PM: INFO: ************** Login test passed *****************
02/09/2024 09:15:29 PM: INFO: *********** test_addCustomer ***********
02/09/2024 09:15:37 PM: INFO: ************* Login succesful **********
02/09/2024 09:15:37 PM: INFO: ******* Starting Add Customer Test **********
02/09/2024 09:16:20 PM: INFO: *********** test_addCustomer ***********
02/09/2024 09:17:16 PM: INFO: ************* Login succesful **********
02/09/2024 09:17:16 PM: INFO: ******* Starting Add Customer Test **********
02/09/2024 09:17:30 PM: INFO: ************** Test_001_Login *****************
02/09/2024 09:17:30 PM: INFO: ************** verifying home page title *****************
02/09/2024 09:17:33 PM: INFO: ************** Home page title passed *****************
02/09/2024 09:17:37 PM: INFO: ************** test_login *****************
02/09/2024 09:17:37 PM: INFO: ************** verify Login test  *****************
02/09/2024 09:17:46 PM: INFO: ************** Login test passed *****************
02/09/2024 09:17:50 PM: INFO: ************* SearchCustomerByEmail_004 **********
02/09/2024 09:17:55 PM: INFO: ************* Login succesful **********
02/09/2024 09:17:55 PM: INFO: ******* Starting Search Customer By Email **********
02/09/2024 09:17:58 PM: INFO: ************* searching customer by emailID **********
02/09/2024 09:18:04 PM: INFO: ***************  TC_SearchCustomerByEmail_004 Finished  *********** 
02/09/2024 09:26:02 PM: INFO: *********** test_addCustomer ***********
02/09/2024 09:26:08 PM: INFO: ************* Login succesful **********
02/09/2024 09:26:08 PM: INFO: ******* Starting Add Customer Test **********
02/09/2024 09:27:17 PM: INFO: *********** test_addCustomer ***********
02/09/2024 09:27:22 PM: INFO: ************* Login succesful **********
02/09/2024 09:27:22 PM: INFO: ******* Starting Add Customer Test **********
02/09/2024 09:28:02 PM: INFO: ************** test_login *****************
02/09/2024 09:28:02 PM: INFO: ************** verify Login test  *****************
02/09/2024 09:28:09 PM: INFO: ************** Login test passed *****************
02/09/2024 09:28:46 PM: INFO: *********** test_addCustomer ***********
02/09/2024 09:28:51 PM: INFO: ************* Login succesful **********
02/09/2024 09:28:51 PM: INFO: ******* Starting Add Customer Test **********
02/09/2024 09:29:07 PM: INFO: ************* Saving customer info **********
02/09/2024 09:29:07 PM: INFO: ********* Add customer validation started *****************
02/09/2024 09:29:07 PM: INFO: ********* Add customer Test Passed *********
02/09/2024 09:29:08 PM: INFO: ******* Ending Add customer test *********
02/09/2024 09:29:11 PM: INFO: ************** Test_001_Login *****************
02/09/2024 09:29:11 PM: INFO: ************** verifying home page title *****************
02/09/2024 09:29:15 PM: INFO: ************** Home page title passed *****************
02/09/2024 09:29:19 PM: INFO: ************** test_login *****************
02/09/2024 09:29:19 PM: INFO: ************** verify Login test  *****************
02/09/2024 09:29:26 PM: INFO: ************** Login test passed *****************
02/09/2024 09:29:30 PM: INFO: ************* SearchCustomerByEmail_004 **********
02/09/2024 09:29:35 PM: INFO: ************* Login succesful **********
02/09/2024 09:29:35 PM: INFO: ******* Starting Search Customer By Email **********
02/09/2024 09:29:38 PM: INFO: ************* searching customer by emailID **********
02/09/2024 09:29:44 PM: INFO: ***************  TC_SearchCustomerByEmail_004 Finished  *********** 
02/09/2024 09:42:41 PM: INFO: ************** test_login *****************
02/09/2024 09:42:41 PM: INFO: ************** verify Login test  *****************
02/09/2024 09:43:14 PM: INFO: ************** Login test passed *****************
02/09/2024 09:43:43 PM: INFO: ************** test_login *****************
02/09/2024 09:43:43 PM: INFO: ************** verify Login test  *****************
02/09/2024 09:44:20 PM: INFO: ************** Login test passed *****************
02/09/2024 09:45:09 PM: INFO: ************** test_login *****************
02/09/2024 09:45:09 PM: INFO: ************** verify Login test  *****************
02/09/2024 09:45:25 PM: INFO: ************** Login test passed *****************
02/09/2024 09:49:44 PM: INFO: ************** Test_001_Login *****************
02/09/2024 09:49:44 PM: INFO: ************** verifying home page title *****************
02/09/2024 09:49:47 PM: INFO: ************** Home page title passed *****************
02/09/2024 09:49:51 PM: INFO: ************** test_login *****************
02/09/2024 09:49:51 PM: INFO: ************** verify Login test  *****************
02/09/2024 09:49:59 PM: INFO: ************** Login test passed *****************
02/09/2024 09:50:56 PM: INFO: ************** Test_001_Login *****************
02/09/2024 09:50:56 PM: INFO: ************** verifying home page title *****************
02/09/2024 09:50:59 PM: INFO: ************** Home page title passed *****************
02/09/2024 09:51:03 PM: INFO: ************** test_login *****************
02/09/2024 09:51:03 PM: INFO: ************** verify Login test  *****************
02/09/2024 09:51:10 PM: INFO: ************** Login test passed *****************
02/09/2024 09:54:21 PM: INFO: ************** Test_001_Login *****************
02/09/2024 09:54:21 PM: INFO: ************** verifying home page title *****************
02/09/2024 09:54:25 PM: INFO: ************** Home page title passed *****************
02/09/2024 09:54:29 PM: INFO: ************** test_login *****************
02/09/2024 09:54:29 PM: INFO: ************** verify Login test  *****************
02/09/2024 09:54:38 PM: INFO: ************** Login test passed *****************
02/09/2024 09:55:53 PM: INFO: ************** Test_001_Login *****************
02/09/2024 09:55:53 PM: INFO: ************** verifying home page title *****************
02/09/2024 09:55:56 PM: INFO: ************** Home page title passed *****************
02/09/2024 09:56:00 PM: INFO: ************** test_login *****************
02/09/2024 09:56:00 PM: INFO: ************** verify Login test  *****************
02/09/2024 09:56:08 PM: INFO: ************** Login test passed *****************
02/09/2024 09:56:32 PM: INFO: ************** Test_001_Login *****************
02/09/2024 09:56:32 PM: INFO: ************** verifying home page title *****************
02/09/2024 09:56:36 PM: INFO: ************** Home page title passed *****************
02/09/2024 09:56:39 PM: INFO: ************** test_login *****************
02/09/2024 09:56:39 PM: INFO: ************** verify Login test  *****************
02/09/2024 09:56:49 PM: INFO: ************** Login test passed *****************
02/09/2024 10:03:17 PM: INFO: *********** test_addCustomer ***********
02/09/2024 10:03:21 PM: INFO: ************* Login succesful **********
02/09/2024 10:03:21 PM: INFO: ******* Starting Add Customer Test **********
02/09/2024 10:03:35 PM: INFO: ************** Test_001_Login *****************
02/09/2024 10:03:35 PM: INFO: ************** verifying home page title *****************
02/09/2024 10:03:39 PM: INFO: ************** Home page title passed *****************
02/09/2024 10:03:43 PM: INFO: ************** test_login *****************
02/09/2024 10:03:43 PM: INFO: ************** verify Login test  *****************
02/09/2024 10:03:51 PM: INFO: ************** Login test passed *****************
02/09/2024 10:03:55 PM: INFO: ************* SearchCustomerByEmail_004 **********
02/09/2024 10:04:00 PM: INFO: ************* Login succesful **********
02/09/2024 10:04:00 PM: INFO: ******* Starting Search Customer By Email **********
02/09/2024 10:04:03 PM: INFO: ************* searching customer by emailID **********
02/09/2024 10:04:09 PM: INFO: ***************  TC_SearchCustomerByEmail_004 Finished  *********** 
02/09/2024 10:05:35 PM: INFO: *********** test_addCustomer ***********
02/09/2024 10:05:39 PM: INFO: ************* Login succesful **********
02/09/2024 10:05:39 PM: INFO: ******* Starting Add Customer Test **********
02/09/2024 10:05:52 PM: INFO: ************** Test_001_Login *****************
02/09/2024 10:05:52 PM: INFO: ************** verifying home page title *****************
02/09/2024 10:05:56 PM: INFO: ************** Home page title passed *****************
02/09/2024 10:06:00 PM: INFO: ************** test_login *****************
02/09/2024 10:06:00 PM: INFO: ************** verify Login test  *****************
02/09/2024 10:06:08 PM: INFO: ************** Login test passed *****************
02/09/2024 10:06:11 PM: INFO: ************* SearchCustomerByEmail_004 **********
02/09/2024 10:06:17 PM: INFO: ************* Login succesful **********
02/09/2024 10:06:17 PM: INFO: ******* Starting Search Customer By Email **********
02/09/2024 10:06:19 PM: INFO: ************* searching customer by emailID **********
02/09/2024 10:06:26 PM: INFO: ***************  TC_SearchCustomerByEmail_004 Finished  *********** 
02/09/2024 10:08:58 PM: INFO: *********** test_addCustomer ***********
02/09/2024 10:09:18 PM: INFO: ************* Login succesful **********
02/09/2024 10:09:18 PM: INFO: ******* Starting Add Customer Test **********
02/09/2024 10:09:34 PM: INFO: ************** Test_001_Login *****************
02/09/2024 10:09:34 PM: INFO: ************** verifying home page title *****************
02/09/2024 10:09:38 PM: INFO: ************** Home page title passed *****************
02/09/2024 10:09:42 PM: INFO: ************** test_login *****************
02/09/2024 10:09:42 PM: INFO: ************** verify Login test  *****************
02/09/2024 10:09:55 PM: INFO: ************** Login test passed *****************
02/09/2024 10:09:59 PM: INFO: ************* SearchCustomerByEmail_004 **********
02/09/2024 10:10:07 PM: INFO: ************* Login succesful **********
02/09/2024 10:10:07 PM: INFO: ******* Starting Search Customer By Email **********
02/09/2024 10:10:10 PM: INFO: ************* searching customer by emailID **********
02/09/2024 10:10:16 PM: INFO: ***************  TC_SearchCustomerByEmail_004 Finished  *********** 
02/09/2024 10:11:43 PM: INFO: *********** test_addCustomer ***********
02/09/2024 10:11:48 PM: INFO: ************* Login succesful **********
02/09/2024 10:11:48 PM: INFO: ******* Starting Add Customer Test **********
02/09/2024 10:12:01 PM: INFO: ************** Test_001_Login *****************
02/09/2024 10:12:01 PM: INFO: ************** verifying home page title *****************
02/09/2024 10:12:05 PM: INFO: ************** Home page title passed *****************
02/09/2024 10:12:08 PM: INFO: ************** test_login *****************
02/09/2024 10:12:08 PM: INFO: ************** verify Login test  *****************
02/09/2024 10:12:20 PM: INFO: ************** Login test passed *****************
02/09/2024 10:12:24 PM: INFO: ************* SearchCustomerByEmail_004 **********
02/09/2024 10:12:30 PM: INFO: ************* Login succesful **********
02/09/2024 10:12:30 PM: INFO: ******* Starting Search Customer By Email **********
02/09/2024 10:12:33 PM: INFO: ************* searching customer by emailID **********
02/09/2024 10:12:39 PM: INFO: ***************  TC_SearchCustomerByEmail_004 Finished  *********** 
02/09/2024 10:19:22 PM: INFO: ************** Test_001_Login *****************
02/09/2024 10:19:22 PM: INFO: ************** verifying home page title *****************
02/09/2024 10:19:26 PM: INFO: ************** Home page title passed *****************
02/09/2024 10:19:30 PM: INFO: ************** test_login *****************
02/09/2024 10:19:30 PM: INFO: ************** verify Login test  *****************
02/09/2024 10:19:38 PM: INFO: ************** Login test passed *****************
02/15/2024 08:51:36 AM: INFO: ************** Test_001_Login *****************
02/15/2024 08:51:36 AM: INFO: ************** verifying home page title *****************
02/15/2024 08:51:43 AM: INFO: ************** Home page title passed *****************
02/15/2024 08:51:47 AM: INFO: ************** test_login *****************
02/15/2024 08:51:47 AM: INFO: ************** verify Login test  *****************
02/15/2024 08:51:56 AM: INFO: ************** Login test passed *****************
02/15/2024 12:46:04 PM: INFO: ************** Test_001_Login *****************
02/15/2024 12:46:04 PM: INFO: ************** verifying home page title *****************
02/15/2024 12:46:07 PM: INFO: ************** Home page title passed *****************
02/15/2024 12:46:10 PM: INFO: ************** test_login *****************
02/15/2024 12:46:10 PM: INFO: ************** verify Login test  *****************
02/23/2024 11:38:27 AM: INFO: *********** test_addCustomer ***********
02/23/2024 11:38:34 AM: INFO: ************** Test_001_Login *****************
02/23/2024 11:38:34 AM: INFO: ************** verifying home page title *****************
02/23/2024 11:38:37 AM: INFO: ************** Home page title passed *****************
02/23/2024 11:38:41 AM: INFO: ************** test_login *****************
02/23/2024 11:38:41 AM: INFO: ************** verify Login test  *****************
02/23/2024 11:39:51 AM: INFO: ************* SearchCustomerByEmail_004 **********
02/23/2024 11:40:53 AM: INFO: *********** test_addCustomer ***********
02/23/2024 11:40:59 AM: INFO: ************** Test_001_Login *****************
02/23/2024 11:40:59 AM: INFO: ************** verifying home page title *****************
02/23/2024 11:41:02 AM: INFO: ************** Home page title passed *****************
02/23/2024 11:41:06 AM: INFO: ************** test_login *****************
02/23/2024 11:41:06 AM: INFO: ************** verify Login test  *****************
02/23/2024 11:42:17 AM: INFO: ************* SearchCustomerByEmail_004 **********
06/11/2024 07:04:04 PM: INFO: *********** test_addCustomer ***********
06/11/2024 07:04:11 PM: INFO: ************** Test_001_Login *****************
06/11/2024 07:04:11 PM: INFO: ************** verifying home page title *****************
06/11/2024 07:04:14 PM: INFO: ************** Home page title passed *****************
06/11/2024 07:04:18 PM: INFO: ************** test_login *****************
06/11/2024 07:04:18 PM: INFO: ************** verify Login test  *****************
06/11/2024 07:09:37 PM: INFO: *********** test_addCustomer ***********
06/11/2024 07:09:43 PM: INFO: ************** Test_001_Login *****************
06/11/2024 07:09:43 PM: INFO: ************** verifying home page title *****************
06/11/2024 07:09:46 PM: INFO: ************** Home page title passed *****************
06/11/2024 07:09:50 PM: INFO: ************** test_login *****************
06/11/2024 07:09:50 PM: INFO: ************** verify Login test  *****************
06/11/2024 07:38:38 PM: INFO: *********** test_addCustomer ***********
06/11/2024 07:38:45 PM: INFO: ************** Test_001_Login *****************
06/11/2024 07:38:45 PM: INFO: ************** verifying home page title *****************
06/11/2024 07:38:48 PM: INFO: ************** Home page title passed *****************
06/11/2024 07:38:51 PM: INFO: ************** test_login *****************
06/11/2024 07:38:51 PM: INFO: ************** verify Login test  *****************
06/11/2024 07:40:12 PM: INFO: *********** test_addCustomer ***********
06/11/2024 07:40:17 PM: INFO: ************** Test_001_Login *****************
06/11/2024 07:40:17 PM: INFO: ************** verifying home page title *****************
06/11/2024 07:40:20 PM: INFO: ************** Home page title passed *****************
06/11/2024 07:40:23 PM: INFO: ************** test_login *****************
06/11/2024 07:40:23 PM: INFO: ************** verify Login test  *****************
06/11/2024 07:40:30 PM: INFO: ************** Login test passed *****************
06/12/2024 10:41:56 AM: INFO: *********** test_addCustomer ***********
06/12/2024 10:42:02 AM: INFO: ************** Test_001_Login *****************
06/12/2024 10:42:02 AM: INFO: ************** verifying home page title *****************
06/12/2024 10:42:05 AM: INFO: Home page title asserted.
06/12/2024 10:42:05 AM: INFO: ************** Home page title passed *****************
06/12/2024 10:42:09 AM: INFO: ************** test_login *****************
06/12/2024 10:42:09 AM: INFO: ************** verify Login test  *****************
06/12/2024 10:42:14 AM: INFO: Logged in successfully
06/12/2024 10:42:14 AM: INFO: ************** Login test passed *****************
06/12/2024 10:56:25 AM: INFO: *********** test_addCustomer ***********
06/12/2024 10:56:31 AM: INFO: ************** Test_001_Login *****************
06/12/2024 10:56:31 AM: INFO: ************** verifying home page title *****************
06/12/2024 10:56:34 AM: INFO: Home page title asserted.
06/12/2024 10:56:34 AM: INFO: ************** Home page title passed *****************
06/12/2024 10:56:38 AM: INFO: ************** test_login *****************
06/12/2024 10:56:38 AM: INFO: ************** verify Login test  *****************
06/12/2024 10:56:44 AM: INFO: Logged in successfully
06/12/2024 10:56:44 AM: INFO: ************** Login test passed *****************
06/12/2024 11:05:43 AM: INFO: *********** test_addCustomer ***********
06/12/2024 11:05:49 AM: INFO: ************** Test_001_Login *****************
06/12/2024 11:05:49 AM: INFO: ************** verifying home page title *****************
06/12/2024 11:05:52 AM: INFO: Home page title asserted.
06/12/2024 11:05:52 AM: INFO: ************** Home page title passed *****************
06/12/2024 11:05:56 AM: INFO: ************** test_login *****************
06/12/2024 11:05:56 AM: INFO: ************** verify Login test  *****************
06/12/2024 11:06:01 AM: INFO: Logged in successfully
06/12/2024 11:06:01 AM: INFO: ************** Login test passed *****************
06/12/2024 11:10:23 AM: INFO: *********** test_addCustomer ***********
06/12/2024 11:10:29 AM: INFO: ************** Test_001_Login *****************
06/12/2024 11:10:29 AM: INFO: ************** verifying home page title *****************
06/12/2024 11:10:32 AM: INFO: Home page title asserted.
06/12/2024 11:10:32 AM: INFO: ************** Home page title passed *****************
06/12/2024 11:10:36 AM: INFO: ************** test_login *****************
06/12/2024 11:10:36 AM: INFO: ************** verify Login test  *****************
06/12/2024 11:10:41 AM: INFO: Logged in successfully
06/12/2024 11:10:41 AM: INFO: ************** Login test passed *****************
06/12/2024 11:11:50 AM: INFO: ====== WebDriver manager ======
06/12/2024 11:11:51 AM: INFO: Get LATEST chromedriver version for google-chrome
06/12/2024 11:11:52 AM: INFO: Get LATEST chromedriver version for google-chrome
06/12/2024 11:11:52 AM: INFO: There is no [win64] chromedriver "125.0.6422.141" for browser google-chrome "125.0.6422" in cache
06/12/2024 11:11:52 AM: INFO: Get LATEST chromedriver version for google-chrome
06/12/2024 11:11:53 AM: INFO: WebDriver version 125.0.6422.141 selected
06/12/2024 11:11:53 AM: INFO: Modern chrome version https://storage.googleapis.com/chrome-for-testing-public/125.0.6422.141/win32/chromedriver-win32.zip
06/12/2024 11:11:53 AM: INFO: About to download new driver from https://storage.googleapis.com/chrome-for-testing-public/125.0.6422.141/win32/chromedriver-win32.zip
06/12/2024 11:11:54 AM: INFO: Driver downloading response is 200
06/12/2024 11:11:57 AM: INFO: Get LATEST chromedriver version for google-chrome
06/12/2024 11:11:57 AM: INFO: Driver has been saved in cache [C:\Users\shrin\.wdm\drivers\chromedriver\win64\125.0.6422.141]
06/12/2024 11:11:59 AM: INFO: Chrome driver initialized
06/12/2024 11:11:59 AM: INFO: *********** test_addCustomer ***********
06/12/2024 11:12:08 AM: INFO: ====== WebDriver manager ======
06/12/2024 11:12:09 AM: INFO: Get LATEST chromedriver version for google-chrome
06/12/2024 11:12:10 AM: INFO: Get LATEST chromedriver version for google-chrome
06/12/2024 11:12:10 AM: INFO: Driver [C:\Users\shrin\.wdm\drivers\chromedriver\win64\125.0.6422.141\chromedriver-win32/chromedriver.exe] found in cache
06/12/2024 11:12:11 AM: INFO: Chrome driver initialized
06/12/2024 11:12:11 AM: INFO: ************** Test_001_Login *****************
06/12/2024 11:12:11 AM: INFO: ************** verifying home page title *****************
06/12/2024 11:12:14 AM: INFO: Home page title asserted.
06/12/2024 11:12:14 AM: INFO: ************** Home page title passed *****************
06/12/2024 11:12:16 AM: INFO: ====== WebDriver manager ======
06/12/2024 11:12:17 AM: INFO: Get LATEST chromedriver version for google-chrome
06/12/2024 11:12:18 AM: INFO: Get LATEST chromedriver version for google-chrome
06/12/2024 11:12:18 AM: INFO: Driver [C:\Users\shrin\.wdm\drivers\chromedriver\win64\125.0.6422.141\chromedriver-win32/chromedriver.exe] found in cache
06/12/2024 11:12:20 AM: INFO: Chrome driver initialized
06/12/2024 11:12:20 AM: INFO: ************** test_login *****************
06/12/2024 11:12:20 AM: INFO: ************** verify Login test  *****************
06/12/2024 11:12:25 AM: INFO: Logged in successfully
06/12/2024 11:12:25 AM: INFO: ************** Login test passed *****************
06/12/2024 11:12:27 AM: INFO: ====== WebDriver manager ======
06/12/2024 11:12:28 AM: INFO: Get LATEST chromedriver version for google-chrome
06/12/2024 11:12:28 AM: INFO: Get LATEST chromedriver version for google-chrome
06/12/2024 11:12:29 AM: INFO: Driver [C:\Users\shrin\.wdm\drivers\chromedriver\win64\125.0.6422.141\chromedriver-win32/chromedriver.exe] found in cache
06/12/2024 11:12:30 AM: INFO: Chrome driver initialized
06/12/2024 11:12:30 AM: INFO: ====== WebDriver manager ======
06/12/2024 11:12:31 AM: INFO: Get LATEST chromedriver version for google-chrome
06/12/2024 11:12:32 AM: INFO: Get LATEST chromedriver version for google-chrome
06/12/2024 11:12:32 AM: INFO: Driver [C:\Users\shrin\.wdm\drivers\chromedriver\win64\125.0.6422.141\chromedriver-win32/chromedriver.exe] found in cache
06/12/2024 11:12:33 AM: INFO: Chrome driver initialized
06/12/2024 11:23:23 AM: INFO: ====== WebDriver manager ======
06/12/2024 11:23:24 AM: INFO: Get LATEST chromedriver version for google-chrome
06/12/2024 11:23:25 AM: INFO: Get LATEST chromedriver version for google-chrome
06/12/2024 11:23:26 AM: INFO: Driver [C:\Users\shrin\.wdm\drivers\chromedriver\win64\125.0.6422.141\chromedriver-win32/chromedriver.exe] found in cache
06/12/2024 11:23:28 AM: INFO: Chrome driver initialized
06/12/2024 11:23:28 AM: INFO: *********** test_addCustomer ***********
06/12/2024 11:23:34 AM: INFO: ====== WebDriver manager ======
06/12/2024 11:23:35 AM: INFO: Get LATEST chromedriver version for google-chrome
06/12/2024 11:23:36 AM: INFO: Get LATEST chromedriver version for google-chrome
06/12/2024 11:23:37 AM: INFO: Driver [C:\Users\shrin\.wdm\drivers\chromedriver\win64\125.0.6422.141\chromedriver-win32/chromedriver.exe] found in cache
06/12/2024 11:23:38 AM: INFO: Chrome driver initialized
06/12/2024 11:23:38 AM: INFO: ************** Test_001_Login *****************
06/12/2024 11:23:38 AM: INFO: ************** verifying home page title *****************
06/12/2024 11:23:41 AM: INFO: Home page title asserted.
06/12/2024 11:23:41 AM: INFO: ************** Home page title passed *****************
06/12/2024 11:23:44 AM: INFO: ====== WebDriver manager ======
06/12/2024 11:23:45 AM: INFO: Get LATEST chromedriver version for google-chrome
06/12/2024 11:23:46 AM: INFO: Get LATEST chromedriver version for google-chrome
06/12/2024 11:23:46 AM: INFO: Driver [C:\Users\shrin\.wdm\drivers\chromedriver\win64\125.0.6422.141\chromedriver-win32/chromedriver.exe] found in cache
06/12/2024 11:23:48 AM: INFO: Chrome driver initialized
06/12/2024 11:23:48 AM: INFO: ************** test_login *****************
06/12/2024 11:23:48 AM: INFO: ************** verify Login test  *****************
06/12/2024 11:23:54 AM: INFO: Logged in successfully
06/12/2024 11:23:54 AM: INFO: ************** Login test passed *****************
06/12/2024 11:23:57 AM: INFO: ====== WebDriver manager ======
06/12/2024 11:23:58 AM: INFO: Get LATEST chromedriver version for google-chrome
06/12/2024 11:23:59 AM: INFO: Get LATEST chromedriver version for google-chrome
06/12/2024 11:24:00 AM: INFO: Driver [C:\Users\shrin\.wdm\drivers\chromedriver\win64\125.0.6422.141\chromedriver-win32/chromedriver.exe] found in cache
06/12/2024 11:24:01 AM: INFO: Chrome driver initialized
06/12/2024 11:24:01 AM: INFO: ====== WebDriver manager ======
06/12/2024 11:24:03 AM: INFO: Get LATEST chromedriver version for google-chrome
06/12/2024 11:24:04 AM: INFO: Get LATEST chromedriver version for google-chrome
06/12/2024 11:24:05 AM: INFO: Driver [C:\Users\shrin\.wdm\drivers\chromedriver\win64\125.0.6422.141\chromedriver-win32/chromedriver.exe] found in cache
06/12/2024 11:24:06 AM: INFO: Chrome driver initialized
06/12/2024 11:26:47 AM: INFO: ====== WebDriver manager ======
06/12/2024 11:26:48 AM: INFO: Get LATEST chromedriver version for google-chrome
06/12/2024 11:26:49 AM: INFO: Get LATEST chromedriver version for google-chrome
06/12/2024 11:26:50 AM: INFO: Driver [C:\Users\shrin\.wdm\drivers\chromedriver\win64\125.0.6422.141\chromedriver-win32/chromedriver.exe] found in cache
06/12/2024 11:26:51 AM: INFO: Chrome driver initialized
06/12/2024 11:26:51 AM: INFO: *********** test_addCustomer ***********
06/12/2024 11:26:57 AM: INFO: ====== WebDriver manager ======
06/12/2024 11:26:59 AM: INFO: Get LATEST chromedriver version for google-chrome
06/12/2024 11:27:00 AM: INFO: Get LATEST chromedriver version for google-chrome
06/12/2024 11:27:01 AM: INFO: Driver [C:\Users\shrin\.wdm\drivers\chromedriver\win64\125.0.6422.141\chromedriver-win32/chromedriver.exe] found in cache
06/12/2024 11:27:03 AM: INFO: Chrome driver initialized
06/12/2024 11:27:10 AM: INFO: ====== WebDriver manager ======
06/12/2024 11:27:12 AM: INFO: Get LATEST chromedriver version for google-chrome
06/12/2024 11:27:14 AM: INFO: Get LATEST chromedriver version for google-chrome
06/12/2024 11:27:15 AM: INFO: Driver [C:\Users\shrin\.wdm\drivers\chromedriver\win64\125.0.6422.141\chromedriver-win32/chromedriver.exe] found in cache
06/12/2024 11:27:17 AM: INFO: Chrome driver initialized
06/12/2024 11:27:17 AM: INFO: ************** Test_001_Login *****************
06/12/2024 11:27:17 AM: INFO: ************** verifying home page title *****************
06/12/2024 11:27:19 AM: INFO: Home page title asserted.
06/12/2024 11:27:19 AM: INFO: ************** Home page title passed *****************
06/12/2024 11:27:22 AM: INFO: ====== WebDriver manager ======
06/12/2024 11:27:24 AM: INFO: Get LATEST chromedriver version for google-chrome
06/12/2024 11:27:25 AM: INFO: Get LATEST chromedriver version for google-chrome
06/12/2024 11:27:26 AM: INFO: Driver [C:\Users\shrin\.wdm\drivers\chromedriver\win64\125.0.6422.141\chromedriver-win32/chromedriver.exe] found in cache
06/12/2024 11:27:28 AM: INFO: Chrome driver initialized
06/12/2024 11:27:28 AM: INFO: ************** test_login *****************
06/12/2024 11:27:28 AM: INFO: ************** verify Login test  *****************
06/12/2024 11:27:33 AM: INFO: Logged in successfully
06/12/2024 11:27:33 AM: INFO: ************** Login test passed *****************
06/12/2024 11:27:36 AM: INFO: ====== WebDriver manager ======
06/12/2024 11:27:38 AM: INFO: Get LATEST chromedriver version for google-chrome
06/12/2024 11:27:39 AM: INFO: Get LATEST chromedriver version for google-chrome
06/12/2024 11:27:41 AM: INFO: Driver [C:\Users\shrin\.wdm\drivers\chromedriver\win64\125.0.6422.141\chromedriver-win32/chromedriver.exe] found in cache
06/12/2024 11:27:43 AM: INFO: Chrome driver initialized
06/12/2024 11:27:43 AM: INFO: ====== WebDriver manager ======
06/12/2024 11:27:45 AM: INFO: Get LATEST chromedriver version for google-chrome
06/12/2024 11:27:47 AM: INFO: Get LATEST chromedriver version for google-chrome
06/12/2024 11:27:48 AM: INFO: Driver [C:\Users\shrin\.wdm\drivers\chromedriver\win64\125.0.6422.141\chromedriver-win32/chromedriver.exe] found in cache
06/12/2024 11:27:50 AM: INFO: Chrome driver initialized
06/12/2024 11:33:12 AM: INFO: ====== WebDriver manager ======
06/12/2024 11:33:18 AM: INFO: Get LATEST chromedriver version for google-chrome
06/12/2024 11:33:23 AM: INFO: Get LATEST chromedriver version for google-chrome
06/12/2024 11:33:28 AM: INFO: Driver [C:\Users\shrin\.wdm\drivers\chromedriver\win64\125.0.6422.141\chromedriver-win32/chromedriver.exe] found in cache
06/12/2024 11:33:31 AM: INFO: Chrome driver initialized
06/12/2024 11:33:32 AM: INFO: *********** test_addCustomer ***********
06/12/2024 11:33:50 AM: INFO: ====== WebDriver manager ======
06/12/2024 11:34:04 AM: INFO: Get LATEST chromedriver version for google-chrome
06/12/2024 11:34:23 AM: INFO: Get LATEST chromedriver version for google-chrome
06/12/2024 11:34:45 AM: INFO: Driver [C:\Users\shrin\.wdm\drivers\chromedriver\win64\125.0.6422.141\chromedriver-win32/chromedriver.exe] found in cache
06/12/2024 11:34:50 AM: INFO: Chrome driver initialized
06/12/2024 11:35:00 AM: INFO: ====== WebDriver manager ======
06/12/2024 11:35:10 AM: INFO: Get LATEST chromedriver version for google-chrome
06/12/2024 11:35:45 AM: INFO: Get LATEST chromedriver version for google-chrome
06/12/2024 11:36:10 AM: INFO: Driver [C:\Users\shrin\.wdm\drivers\chromedriver\win64\125.0.6422.141\chromedriver-win32/chromedriver.exe] found in cache
06/12/2024 11:36:14 AM: INFO: Chrome driver initialized
06/12/2024 11:36:14 AM: INFO: ************** Test_001_Login *****************
06/12/2024 11:36:14 AM: INFO: ************** verifying home page title *****************
06/12/2024 11:36:34 AM: INFO: Home page title asserted.
06/12/2024 11:36:34 AM: INFO: ************** Home page title passed *****************
06/12/2024 11:36:37 AM: INFO: ====== WebDriver manager ======
06/12/2024 11:36:57 AM: INFO: Get LATEST chromedriver version for google-chrome
